<?xml version="1.0" encoding="UTF-8"?>
<coverage generated="1643992955838" clover="3.2.0">
  <project timestamp="1643992955839" name="All files">
    <metrics statements="9" coveredstatements="6" conditionals="0" coveredconditionals="0" methods="4" coveredmethods="1" elements="13" coveredelements="7" complexity="0" loc="9" ncloc="9" packages="1" files="1" classes="1"/>
    <file name="test2.js" path="G:\Master Coding\jest\test2.js">
      <metrics statements="9" coveredstatements="6" conditionals="0" coveredconditionals="0" methods="4" coveredmethods="1"/>
      <line num="1" count="1" type="stmt"/>
      <line num="2" count="1" type="stmt"/>
      <line num="5" count="1" type="stmt"/>
      <line num="6" count="0" type="stmt"/>
      <line num="9" count="1" type="stmt"/>
      <line num="10" count="0" type="stmt"/>
      <line num="13" count="1" type="stmt"/>
      <line num="14" count="0" type="stmt"/>
      <line num="17" count="1" type="stmt"/>
    </file>
  </project>
</coverage>
